2023-07-16 06:55:20,419 [ 1] INFO  Unity: LoadingManager start
2023-07-16 06:55:23,777 [ 1] INFO  Unity: DataManager > DataManager()
2023-07-16 06:55:26,986 [ 1] INFO  Unity: UserLoginRequest::user :a psw:123
2023-07-16 06:55:26,988 [ 1] INFO  Unity: ConnectToServer() Start 
2023-07-16 06:55:26,989 [ 1] INFO  Unity: DoConnect
2023-07-16 06:55:26,992 [ 1] INFO  Unity: NetClient.DoConnect on 127.0.0.1:8000
2023-07-16 06:55:26,995 [ 1] INFO  Unity: Connect[0] to server 127.0.0.1:8000

2023-07-16 06:55:27,000 [ 1] INFO  Unity: LoadingMesager::OnGameServerConnect :0 reason:Success
2023-07-16 06:55:27,176 [ 1] INFO  Unity: OnLogin:Success [None]
2023-07-16 06:55:27,179 [ 1] INFO  Unity: LoadLevel: CharSelect
2023-07-16 06:55:27,371 [ 1] INFO  Unity: LevelLoadCompleted:1
2023-07-16 06:55:27,381 [ 1] INFO  Unity: Select Char:[2]b[Archer]
2023-07-16 06:55:28,246 [ 1] INFO  Unity: Select Char:[5]c[Wizard]
2023-07-16 06:55:28,253 [ 1] INFO  Unity: SetPosition:(0, 169, 0)
2023-07-16 06:55:28,743 [ 1] INFO  Unity: UserGameEnterRequest::characterId :2
2023-07-16 06:55:28,776 [ 1] INFO  Unity: OnGameEnter:Success [None]
2023-07-16 06:55:28,778 [ 1] INFO  Unity: OnMapCharacterEnter:Map:1 Count:2
2023-07-16 06:55:28,781 [ 1] INFO  Unity: AddCharacter:5:c Map:1 Entity:(0:pos:(5000,4000,820),dir:(100,0,0),spd:0
2023-07-16 06:55:28,783 [ 1] INFO  Unity: AddCharacter:5:c Map:1 Entity:(0:pos:(5000,4000,820),dir:(100,0,0),spd:0
2023-07-16 06:55:28,785 [ 1] INFO  Unity: LoadLevel: MainCity
2023-07-16 06:55:29,366 [ 1] INFO  Unity: Charecter1 OnDestroy :ID:0 POS:(0, 0, 0) DIR:(0, 100, 0) SPD:0 
2023-07-16 06:55:29,368 [ 1] INFO  Unity: Charecter2 OnDestroy :ID:0 POS:(0, 169, 0) DIR:(0, 100, 0) SPD:0 
2023-07-16 06:55:29,502 [ 1] INFO  Unity: LevelLoadCompleted:1
2023-07-16 06:55:31,309 [ 1] INFO  Unity: SetDirection:(98, -18, 0)
2023-07-16 06:55:31,412 [ 1] INFO  Unity: SetDirection:(93, -36, 0)
2023-07-16 06:55:31,495 [ 1] INFO  Unity: SetDirection:(85, -52, 0)
2023-07-16 06:55:31,593 [ 1] INFO  Unity: SetDirection:(74, -67, 0)
2023-07-16 06:55:31,678 [ 1] INFO  Unity: SetDirection:(61, -79, 0)
2023-07-16 06:55:31,782 [ 1] INFO  Unity: SetDirection:(44, -90, 0)
2023-07-16 06:55:31,860 [ 1] INFO  Unity: SetDirection:(27, -96, 0)
2023-07-16 06:55:31,968 [ 1] INFO  Unity: SetDirection:(7, -100, 0)
2023-07-16 06:55:32,049 [ 1] INFO  Unity: SetDirection:(-11, -99, 0)
2023-07-16 06:55:32,145 [ 1] INFO  Unity: SetDirection:(-31, -95, 0)
2023-07-16 06:55:32,216 [ 1] INFO  Unity: SetDirection:(-47, -88, 0)
2023-07-16 06:55:32,307 [ 1] INFO  Unity: SetDirection:(-62, -79, 0)
2023-07-16 06:55:32,400 [ 1] INFO  Unity: SetDirection:(-75, -67, 0)
2023-07-16 06:55:32,492 [ 1] INFO  Unity: SetDirection:(-87, -50, 0)
2023-07-16 06:55:32,571 [ 1] INFO  Unity: SetDirection:(-94, -34, 0)
2023-07-16 06:55:32,668 [ 1] INFO  Unity: SetDirection:(-99, -17, 0)
2023-07-16 06:55:32,760 [ 1] INFO  Unity: SetDirection:(-100, 2, 0)
2023-07-16 06:55:32,790 [ 1] INFO  Unity: MoveForward
2023-07-16 06:55:32,922 [ 1] INFO  Unity: SetDirection:(-98, 20, 0)
2023-07-16 06:55:33,858 [ 1] INFO  Unity: Stop
2023-07-16 06:55:33,883 [ 1] INFO  Unity: MoveForward
2023-07-16 06:55:34,370 [ 1] INFO  Unity: SetDirection:(-100, 2, 0)
2023-07-16 06:55:34,489 [ 1] INFO  Unity: SetDirection:(-99, -17, 0)
2023-07-16 06:55:35,735 [ 1] INFO  Unity: Stop
2023-07-16 06:55:36,611 [ 1] INFO  Unity: MoveBack
2023-07-16 06:55:37,321 [ 1] INFO  Unity: SetDirection:(-100, 4, 0)
2023-07-16 06:55:37,418 [ 1] INFO  Unity: Stop
2023-07-16 06:55:37,419 [ 1] INFO  Unity: SetDirection:(-97, 25, 0)
2023-07-16 06:55:37,529 [ 1] INFO  Unity: SetDirection:(-90, 44, 0)
2023-07-16 06:55:37,596 [ 1] INFO  Unity: SetDirection:(-81, 59, 0)
2023-07-16 06:55:37,620 [ 1] INFO  Unity: MoveForward
2023-07-16 06:55:37,698 [ 1] INFO  Unity: SetDirection:(-69, 73, 0)
2023-07-16 06:55:37,887 [ 1] INFO  Unity: SetDirection:(-55, 84, 0)
2023-07-16 06:55:38,068 [ 1] INFO  Unity: Stop
2023-07-16 06:55:38,634 [ 1] INFO  Unity: Character_5_c OnDestroy :ID:0 POS:(4284, 4157, 820) DIR:(-55, 84, 0) SPD:0 
2023-07-16 06:55:38,639 [ 1] INFO  Unity: OnDestroy NetworkManager.
2023-07-16 06:55:38,641 [ 1] WARN  Unity: CloseConnection(), errorCode: 1007
UnityEngine.Debug:LogWarning(Object)
Network.NetClient:CloseConnection(Int32) (at Assets/Scripts/Network/NetClient.cs:180)
Network.NetClient:OnDestroy() (at Assets/Scripts/Network/NetClient.cs:175)

